[0.653s] Invoking command in '/home/ros2/Desktop/trabalho/ros2_ws/build/turtlesim': CMAKE_PREFIX_PATH=${CMAKE_PREFIX_PATH}:/home/ros2/ros2_ws/install/teleopkeys_publisher:/home/ros2/ros2_ws/install/serp_teleop:/home/ros2/ros2_ws/install/serp_rl:/opt/ros/humble /home/ros2/.local/bin/cmake --build /home/ros2/Desktop/trabalho/ros2_ws/build/turtlesim -- -j4 -l4
[0.909s] [  1%] Built target turtlesim__cpp
[0.983s] [ 11%] Built target turtlesim__rosidl_generator_c
[1.006s] [ 21%] Built target turtlesim__rosidl_typesupport_fastrtps_cpp
[1.052s] [ 21%] Built target ament_cmake_python_copy_turtlesim
[1.126s] [ 31%] Built target turtlesim__rosidl_typesupport_fastrtps_c
[1.213s] [ 41%] Built target turtlesim__rosidl_typesupport_cpp
[1.214s] [ 51%] Built target turtlesim__rosidl_typesupport_introspection_c
[1.214s] [ 61%] Built target turtlesim__rosidl_typesupport_introspection_cpp
[1.303s] [ 71%] Built target turtlesim__rosidl_typesupport_c
[1.358s] [ 73%] Built target turtle_teleop_key
[1.510s] [ 75%] Built target draw_square
[1.510s] [ 81%] Built target turtlesim_node
[1.522s] [ 83%] Built target mimic
[1.548s] [ 83%] Built target turtlesim
[1.662s] [ 84%] Built target turtlesim__py
[1.846s] [ 93%] Built target turtlesim__rosidl_generator_py
[1.893s] [ 95%] Built target turtlesim__rosidl_typesupport_fastrtps_c__pyext
[1.977s] running egg_info
[1.979s] writing turtlesim.egg-info/PKG-INFO
[1.980s] writing dependency_links to turtlesim.egg-info/dependency_links.txt
[1.981s] writing top-level names to turtlesim.egg-info/top_level.txt
[1.987s] reading manifest file 'turtlesim.egg-info/SOURCES.txt'
[1.989s] writing manifest file 'turtlesim.egg-info/SOURCES.txt'
[1.990s] [ 97%] Built target turtlesim__rosidl_typesupport_introspection_c__pyext
[2.003s] [100%] Built target turtlesim__rosidl_typesupport_c__pyext
[2.079s] [100%] Built target ament_cmake_python_build_turtlesim_egg
[2.157s] Invoked command in '/home/ros2/Desktop/trabalho/ros2_ws/build/turtlesim' returned '0': CMAKE_PREFIX_PATH=${CMAKE_PREFIX_PATH}:/home/ros2/ros2_ws/install/teleopkeys_publisher:/home/ros2/ros2_ws/install/serp_teleop:/home/ros2/ros2_ws/install/serp_rl:/opt/ros/humble /home/ros2/.local/bin/cmake --build /home/ros2/Desktop/trabalho/ros2_ws/build/turtlesim -- -j4 -l4
[3.475s] Invoking command in '/home/ros2/Desktop/trabalho/ros2_ws/build/turtlesim': CMAKE_PREFIX_PATH=${CMAKE_PREFIX_PATH}:/home/ros2/ros2_ws/install/teleopkeys_publisher:/home/ros2/ros2_ws/install/serp_teleop:/home/ros2/ros2_ws/install/serp_rl:/opt/ros/humble /home/ros2/.local/bin/cmake --install /home/ros2/Desktop/trabalho/ros2_ws/build/turtlesim
[3.521s] -- Install configuration: ""
[3.524s] -- Up-to-date: /home/ros2/Desktop/trabalho/ros2_ws/install/turtlesim/share/ament_index/resource_index/rosidl_interfaces/turtlesim
[3.525s] -- Up-to-date: /home/ros2/Desktop/trabalho/ros2_ws/install/turtlesim/include/turtlesim/turtlesim
[3.526s] -- Up-to-date: /home/ros2/Desktop/trabalho/ros2_ws/install/turtlesim/include/turtlesim/turtlesim/action
[3.526s] -- Up-to-date: /home/ros2/Desktop/trabalho/ros2_ws/install/turtlesim/include/turtlesim/turtlesim/action/rotate_absolute.h
[3.527s] -- Up-to-date: /home/ros2/Desktop/trabalho/ros2_ws/install/turtlesim/include/turtlesim/turtlesim/action/detail
[3.527s] -- Up-to-date: /home/ros2/Desktop/trabalho/ros2_ws/install/turtlesim/include/turtlesim/turtlesim/action/detail/rotate_absolute__functions.c
[3.527s] -- Up-to-date: /home/ros2/Desktop/trabalho/ros2_ws/install/turtlesim/include/turtlesim/turtlesim/action/detail/rotate_absolute__type_support.h
[3.528s] -- Up-to-date: /home/ros2/Desktop/trabalho/ros2_ws/install/turtlesim/include/turtlesim/turtlesim/action/detail/rotate_absolute__functions.h
[3.529s] -- Up-to-date: /home/ros2/Desktop/trabalho/ros2_ws/install/turtlesim/include/turtlesim/turtlesim/action/detail/rotate_absolute__struct.h
[3.529s] -- Up-to-date: /home/ros2/Desktop/trabalho/ros2_ws/install/turtlesim/include/turtlesim/turtlesim/srv
[3.530s] -- Up-to-date: /home/ros2/Desktop/trabalho/ros2_ws/install/turtlesim/include/turtlesim/turtlesim/srv/spawn.h
[3.531s] -- Up-to-date: /home/ros2/Desktop/trabalho/ros2_ws/install/turtlesim/include/turtlesim/turtlesim/srv/teleport_absolute.h
[3.531s] -- Up-to-date: /home/ros2/Desktop/trabalho/ros2_ws/install/turtlesim/include/turtlesim/turtlesim/srv/kill.h
[3.531s] -- Up-to-date: /home/ros2/Desktop/trabalho/ros2_ws/install/turtlesim/include/turtlesim/turtlesim/srv/teleport_relative.h
[3.542s] -- Up-to-date: /home/ros2/Desktop/trabalho/ros2_ws/install/turtlesim/include/turtlesim/turtlesim/srv/set_pen.h
[3.542s] -- Up-to-date: /home/ros2/Desktop/trabalho/ros2_ws/install/turtlesim/include/turtlesim/turtlesim/srv/detail
[3.542s] -- Up-to-date: /home/ros2/Desktop/trabalho/ros2_ws/install/turtlesim/include/turtlesim/turtlesim/srv/detail/teleport_absolute__functions.c
[3.543s] -- Up-to-date: /home/ros2/Desktop/trabalho/ros2_ws/install/turtlesim/include/turtlesim/turtlesim/srv/detail/spawn__type_support.h
[3.543s] -- Up-to-date: /home/ros2/Desktop/trabalho/ros2_ws/install/turtlesim/include/turtlesim/turtlesim/srv/detail/kill__struct.h
[3.543s] -- Up-to-date: /home/ros2/Desktop/trabalho/ros2_ws/install/turtlesim/include/turtlesim/turtlesim/srv/detail/kill__functions.h
[3.543s] -- Up-to-date: /home/ros2/Desktop/trabalho/ros2_ws/install/turtlesim/include/turtlesim/turtlesim/srv/detail/spawn__functions.h
[3.543s] -- Up-to-date: /home/ros2/Desktop/trabalho/ros2_ws/install/turtlesim/include/turtlesim/turtlesim/srv/detail/set_pen__functions.h
[3.543s] -- Up-to-date: /home/ros2/Desktop/trabalho/ros2_ws/install/turtlesim/include/turtlesim/turtlesim/srv/detail/teleport_relative__struct.h
[3.543s] -- Up-to-date: /home/ros2/Desktop/trabalho/ros2_ws/install/turtlesim/include/turtlesim/turtlesim/srv/detail/teleport_absolute__type_support.h
[3.544s] -- Up-to-date: /home/ros2/Desktop/trabalho/ros2_ws/install/turtlesim/include/turtlesim/turtlesim/srv/detail/set_pen__functions.c
[3.544s] -- Up-to-date: /home/ros2/Desktop/trabalho/ros2_ws/install/turtlesim/include/turtlesim/turtlesim/srv/detail/teleport_absolute__struct.h
[3.544s] -- Up-to-date: /home/ros2/Desktop/trabalho/ros2_ws/install/turtlesim/include/turtlesim/turtlesim/srv/detail/set_pen__struct.h
[3.544s] -- Up-to-date: /home/ros2/Desktop/trabalho/ros2_ws/install/turtlesim/include/turtlesim/turtlesim/srv/detail/set_pen__type_support.h
[3.544s] -- Up-to-date: /home/ros2/Desktop/trabalho/ros2_ws/install/turtlesim/include/turtlesim/turtlesim/srv/detail/spawn__struct.h
[3.544s] -- Up-to-date: /home/ros2/Desktop/trabalho/ros2_ws/install/turtlesim/include/turtlesim/turtlesim/srv/detail/teleport_relative__functions.c
[3.544s] -- Up-to-date: /home/ros2/Desktop/trabalho/ros2_ws/install/turtlesim/include/turtlesim/turtlesim/srv/detail/kill__type_support.h
[3.544s] -- Up-to-date: /home/ros2/Desktop/trabalho/ros2_ws/install/turtlesim/include/turtlesim/turtlesim/srv/detail/kill__functions.c
[3.544s] -- Up-to-date: /home/ros2/Desktop/trabalho/ros2_ws/install/turtlesim/include/turtlesim/turtlesim/srv/detail/spawn__functions.c
[3.544s] -- Up-to-date: /home/ros2/Desktop/trabalho/ros2_ws/install/turtlesim/include/turtlesim/turtlesim/srv/detail/teleport_relative__functions.h
[3.544s] -- Up-to-date: /home/ros2/Desktop/trabalho/ros2_ws/install/turtlesim/include/turtlesim/turtlesim/srv/detail/teleport_relative__type_support.h
[3.545s] -- Up-to-date: /home/ros2/Desktop/trabalho/ros2_ws/install/turtlesim/include/turtlesim/turtlesim/srv/detail/teleport_absolute__functions.h
[3.545s] -- Up-to-date: /home/ros2/Desktop/trabalho/ros2_ws/install/turtlesim/include/turtlesim/turtlesim/msg
[3.545s] -- Up-to-date: /home/ros2/Desktop/trabalho/ros2_ws/install/turtlesim/include/turtlesim/turtlesim/msg/rosidl_generator_c__visibility_control.h
[3.545s] -- Up-to-date: /home/ros2/Desktop/trabalho/ros2_ws/install/turtlesim/include/turtlesim/turtlesim/msg/color.h
[3.545s] -- Up-to-date: /home/ros2/Desktop/trabalho/ros2_ws/install/turtlesim/include/turtlesim/turtlesim/msg/detail
[3.545s] -- Up-to-date: /home/ros2/Desktop/trabalho/ros2_ws/install/turtlesim/include/turtlesim/turtlesim/msg/detail/pose__functions.h
[3.545s] -- Up-to-date: /home/ros2/Desktop/trabalho/ros2_ws/install/turtlesim/include/turtlesim/turtlesim/msg/detail/color__functions.h
[3.545s] -- Up-to-date: /home/ros2/Desktop/trabalho/ros2_ws/install/turtlesim/include/turtlesim/turtlesim/msg/detail/pose__type_support.h
[3.545s] -- Up-to-date: /home/ros2/Desktop/trabalho/ros2_ws/install/turtlesim/include/turtlesim/turtlesim/msg/detail/pose__struct.h
[3.545s] -- Up-to-date: /home/ros2/Desktop/trabalho/ros2_ws/install/turtlesim/include/turtlesim/turtlesim/msg/detail/color__functions.c
[3.545s] -- Up-to-date: /home/ros2/Desktop/trabalho/ros2_ws/install/turtlesim/include/turtlesim/turtlesim/msg/detail/color__type_support.h
[3.546s] -- Up-to-date: /home/ros2/Desktop/trabalho/ros2_ws/install/turtlesim/include/turtlesim/turtlesim/msg/detail/pose__functions.c
[3.546s] -- Up-to-date: /home/ros2/Desktop/trabalho/ros2_ws/install/turtlesim/include/turtlesim/turtlesim/msg/detail/color__struct.h
[3.546s] -- Up-to-date: /home/ros2/Desktop/trabalho/ros2_ws/install/turtlesim/include/turtlesim/turtlesim/msg/pose.h
[3.546s] -- Up-to-date: /home/ros2/Desktop/trabalho/ros2_ws/install/turtlesim/share/turtlesim/environment/library_path.sh
[3.546s] -- Up-to-date: /home/ros2/Desktop/trabalho/ros2_ws/install/turtlesim/share/turtlesim/environment/library_path.dsv
[3.546s] -- Up-to-date: /home/ros2/Desktop/trabalho/ros2_ws/install/turtlesim/lib/libturtlesim__rosidl_generator_c.so
[3.546s] -- Up-to-date: /home/ros2/Desktop/trabalho/ros2_ws/install/turtlesim/include/turtlesim/turtlesim
[3.546s] -- Up-to-date: /home/ros2/Desktop/trabalho/ros2_ws/install/turtlesim/include/turtlesim/turtlesim/action
[3.546s] -- Up-to-date: /home/ros2/Desktop/trabalho/ros2_ws/install/turtlesim/include/turtlesim/turtlesim/action/detail
[3.546s] -- Up-to-date: /home/ros2/Desktop/trabalho/ros2_ws/install/turtlesim/include/turtlesim/turtlesim/action/detail/rotate_absolute__rosidl_typesupport_fastrtps_c.h
[3.546s] -- Up-to-date: /home/ros2/Desktop/trabalho/ros2_ws/install/turtlesim/include/turtlesim/turtlesim/srv
[3.547s] -- Up-to-date: /home/ros2/Desktop/trabalho/ros2_ws/install/turtlesim/include/turtlesim/turtlesim/srv/detail
[3.547s] -- Up-to-date: /home/ros2/Desktop/trabalho/ros2_ws/install/turtlesim/include/turtlesim/turtlesim/srv/detail/teleport_absolute__rosidl_typesupport_fastrtps_c.h
[3.547s] -- Up-to-date: /home/ros2/Desktop/trabalho/ros2_ws/install/turtlesim/include/turtlesim/turtlesim/srv/detail/spawn__rosidl_typesupport_fastrtps_c.h
[3.547s] -- Up-to-date: /home/ros2/Desktop/trabalho/ros2_ws/install/turtlesim/include/turtlesim/turtlesim/srv/detail/teleport_relative__rosidl_typesupport_fastrtps_c.h
[3.547s] -- Up-to-date: /home/ros2/Desktop/trabalho/ros2_ws/install/turtlesim/include/turtlesim/turtlesim/srv/detail/set_pen__rosidl_typesupport_fastrtps_c.h
[3.547s] -- Up-to-date: /home/ros2/Desktop/trabalho/ros2_ws/install/turtlesim/include/turtlesim/turtlesim/srv/detail/kill__rosidl_typesupport_fastrtps_c.h
[3.547s] -- Up-to-date: /home/ros2/Desktop/trabalho/ros2_ws/install/turtlesim/include/turtlesim/turtlesim/msg
[3.547s] -- Up-to-date: /home/ros2/Desktop/trabalho/ros2_ws/install/turtlesim/include/turtlesim/turtlesim/msg/rosidl_typesupport_fastrtps_c__visibility_control.h
[3.547s] -- Up-to-date: /home/ros2/Desktop/trabalho/ros2_ws/install/turtlesim/include/turtlesim/turtlesim/msg/detail
[3.547s] -- Up-to-date: /home/ros2/Desktop/trabalho/ros2_ws/install/turtlesim/include/turtlesim/turtlesim/msg/detail/color__rosidl_typesupport_fastrtps_c.h
[3.547s] -- Up-to-date: /home/ros2/Desktop/trabalho/ros2_ws/install/turtlesim/include/turtlesim/turtlesim/msg/detail/pose__rosidl_typesupport_fastrtps_c.h
[3.548s] -- Up-to-date: /home/ros2/Desktop/trabalho/ros2_ws/install/turtlesim/lib/libturtlesim__rosidl_typesupport_fastrtps_c.so
[3.548s] -- Up-to-date: /home/ros2/Desktop/trabalho/ros2_ws/install/turtlesim/include/turtlesim/turtlesim
[3.548s] -- Up-to-date: /home/ros2/Desktop/trabalho/ros2_ws/install/turtlesim/include/turtlesim/turtlesim/action
[3.548s] -- Up-to-date: /home/ros2/Desktop/trabalho/ros2_ws/install/turtlesim/include/turtlesim/turtlesim/action/rotate_absolute.hpp
[3.548s] -- Up-to-date: /home/ros2/Desktop/trabalho/ros2_ws/install/turtlesim/include/turtlesim/turtlesim/action/detail
[3.548s] -- Up-to-date: /home/ros2/Desktop/trabalho/ros2_ws/install/turtlesim/include/turtlesim/turtlesim/action/detail/rotate_absolute__builder.hpp
[3.548s] -- Up-to-date: /home/ros2/Desktop/trabalho/ros2_ws/install/turtlesim/include/turtlesim/turtlesim/action/detail/rotate_absolute__traits.hpp
[3.548s] -- Up-to-date: /home/ros2/Desktop/trabalho/ros2_ws/install/turtlesim/include/turtlesim/turtlesim/action/detail/rotate_absolute__struct.hpp
[3.548s] -- Up-to-date: /home/ros2/Desktop/trabalho/ros2_ws/install/turtlesim/include/turtlesim/turtlesim/srv
[3.548s] -- Up-to-date: /home/ros2/Desktop/trabalho/ros2_ws/install/turtlesim/include/turtlesim/turtlesim/srv/teleport_absolute.hpp
[3.548s] -- Up-to-date: /home/ros2/Desktop/trabalho/ros2_ws/install/turtlesim/include/turtlesim/turtlesim/srv/teleport_relative.hpp
[3.549s] -- Up-to-date: /home/ros2/Desktop/trabalho/ros2_ws/install/turtlesim/include/turtlesim/turtlesim/srv/spawn.hpp
[3.549s] -- Up-to-date: /home/ros2/Desktop/trabalho/ros2_ws/install/turtlesim/include/turtlesim/turtlesim/srv/kill.hpp
[3.549s] -- Up-to-date: /home/ros2/Desktop/trabalho/ros2_ws/install/turtlesim/include/turtlesim/turtlesim/srv/detail
[3.579s] -- Up-to-date: /home/ros2/Desktop/trabalho/ros2_ws/install/turtlesim/include/turtlesim/turtlesim/srv/detail/kill__builder.hpp
[3.583s] -- Up-to-date: /home/ros2/Desktop/trabalho/ros2_ws/install/turtlesim/include/turtlesim/turtlesim/srv/detail/set_pen__traits.hpp
[3.584s] -- Up-to-date: /home/ros2/Desktop/trabalho/ros2_ws/install/turtlesim/include/turtlesim/turtlesim/srv/detail/teleport_absolute__builder.hpp
[3.584s] -- Up-to-date: /home/ros2/Desktop/trabalho/ros2_ws/install/turtlesim/include/turtlesim/turtlesim/srv/detail/teleport_absolute__traits.hpp
[3.584s] -- Up-to-date: /home/ros2/Desktop/trabalho/ros2_ws/install/turtlesim/include/turtlesim/turtlesim/srv/detail/teleport_relative__struct.hpp
[3.586s] -- Up-to-date: /home/ros2/Desktop/trabalho/ros2_ws/install/turtlesim/include/turtlesim/turtlesim/srv/detail/teleport_relative__traits.hpp
[3.586s] -- Up-to-date: /home/ros2/Desktop/trabalho/ros2_ws/install/turtlesim/include/turtlesim/turtlesim/srv/detail/teleport_relative__builder.hpp
[3.586s] -- Up-to-date: /home/ros2/Desktop/trabalho/ros2_ws/install/turtlesim/include/turtlesim/turtlesim/srv/detail/set_pen__builder.hpp
[3.587s] -- Up-to-date: /home/ros2/Desktop/trabalho/ros2_ws/install/turtlesim/include/turtlesim/turtlesim/srv/detail/spawn__struct.hpp
[3.587s] -- Up-to-date: /home/ros2/Desktop/trabalho/ros2_ws/install/turtlesim/include/turtlesim/turtlesim/srv/detail/kill__traits.hpp
[3.588s] -- Up-to-date: /home/ros2/Desktop/trabalho/ros2_ws/install/turtlesim/include/turtlesim/turtlesim/srv/detail/spawn__traits.hpp
[3.588s] -- Up-to-date: /home/ros2/Desktop/trabalho/ros2_ws/install/turtlesim/include/turtlesim/turtlesim/srv/detail/spawn__builder.hpp
[3.588s] -- Up-to-date: /home/ros2/Desktop/trabalho/ros2_ws/install/turtlesim/include/turtlesim/turtlesim/srv/detail/teleport_absolute__struct.hpp
[3.588s] -- Up-to-date: /home/ros2/Desktop/trabalho/ros2_ws/install/turtlesim/include/turtlesim/turtlesim/srv/detail/kill__struct.hpp
[3.588s] -- Up-to-date: /home/ros2/Desktop/trabalho/ros2_ws/install/turtlesim/include/turtlesim/turtlesim/srv/detail/set_pen__struct.hpp
[3.588s] -- Up-to-date: /home/ros2/Desktop/trabalho/ros2_ws/install/turtlesim/include/turtlesim/turtlesim/srv/set_pen.hpp
[3.589s] -- Up-to-date: /home/ros2/Desktop/trabalho/ros2_ws/install/turtlesim/include/turtlesim/turtlesim/msg
[3.590s] -- Up-to-date: /home/ros2/Desktop/trabalho/ros2_ws/install/turtlesim/include/turtlesim/turtlesim/msg/color.hpp
[3.590s] -- Up-to-date: /home/ros2/Desktop/trabalho/ros2_ws/install/turtlesim/include/turtlesim/turtlesim/msg/pose.hpp
[3.590s] -- Up-to-date: /home/ros2/Desktop/trabalho/ros2_ws/install/turtlesim/include/turtlesim/turtlesim/msg/detail
[3.591s] -- Up-to-date: /home/ros2/Desktop/trabalho/ros2_ws/install/turtlesim/include/turtlesim/turtlesim/msg/detail/pose__struct.hpp
[3.592s] -- Up-to-date: /home/ros2/Desktop/trabalho/ros2_ws/install/turtlesim/include/turtlesim/turtlesim/msg/detail/pose__traits.hpp
[3.592s] -- Up-to-date: /home/ros2/Desktop/trabalho/ros2_ws/install/turtlesim/include/turtlesim/turtlesim/msg/detail/color__struct.hpp
[3.592s] -- Up-to-date: /home/ros2/Desktop/trabalho/ros2_ws/install/turtlesim/include/turtlesim/turtlesim/msg/detail/color__traits.hpp
[3.592s] -- Up-to-date: /home/ros2/Desktop/trabalho/ros2_ws/install/turtlesim/include/turtlesim/turtlesim/msg/detail/pose__builder.hpp
[3.593s] -- Up-to-date: /home/ros2/Desktop/trabalho/ros2_ws/install/turtlesim/include/turtlesim/turtlesim/msg/detail/color__builder.hpp
[3.593s] -- Up-to-date: /home/ros2/Desktop/trabalho/ros2_ws/install/turtlesim/include/turtlesim/turtlesim
[3.593s] -- Up-to-date: /home/ros2/Desktop/trabalho/ros2_ws/install/turtlesim/include/turtlesim/turtlesim/action
[3.593s] -- Up-to-date: /home/ros2/Desktop/trabalho/ros2_ws/install/turtlesim/include/turtlesim/turtlesim/action/detail
[3.593s] -- Up-to-date: /home/ros2/Desktop/trabalho/ros2_ws/install/turtlesim/include/turtlesim/turtlesim/action/detail/dds_fastrtps
[3.594s] -- Up-to-date: /home/ros2/Desktop/trabalho/ros2_ws/install/turtlesim/include/turtlesim/turtlesim/action/detail/rotate_absolute__rosidl_typesupport_fastrtps_cpp.hpp
[3.594s] -- Up-to-date: /home/ros2/Desktop/trabalho/ros2_ws/install/turtlesim/include/turtlesim/turtlesim/srv
[3.594s] -- Up-to-date: /home/ros2/Desktop/trabalho/ros2_ws/install/turtlesim/include/turtlesim/turtlesim/srv/detail
[3.594s] -- Up-to-date: /home/ros2/Desktop/trabalho/ros2_ws/install/turtlesim/include/turtlesim/turtlesim/srv/detail/dds_fastrtps
[3.594s] -- Up-to-date: /home/ros2/Desktop/trabalho/ros2_ws/install/turtlesim/include/turtlesim/turtlesim/srv/detail/set_pen__rosidl_typesupport_fastrtps_cpp.hpp
[3.595s] -- Up-to-date: /home/ros2/Desktop/trabalho/ros2_ws/install/turtlesim/include/turtlesim/turtlesim/srv/detail/kill__rosidl_typesupport_fastrtps_cpp.hpp
[3.595s] -- Up-to-date: /home/ros2/Desktop/trabalho/ros2_ws/install/turtlesim/include/turtlesim/turtlesim/srv/detail/teleport_absolute__rosidl_typesupport_fastrtps_cpp.hpp
[3.596s] -- Up-to-date: /home/ros2/Desktop/trabalho/ros2_ws/install/turtlesim/include/turtlesim/turtlesim/srv/detail/teleport_relative__rosidl_typesupport_fastrtps_cpp.hpp
[3.596s] -- Up-to-date: /home/ros2/Desktop/trabalho/ros2_ws/install/turtlesim/include/turtlesim/turtlesim/srv/detail/spawn__rosidl_typesupport_fastrtps_cpp.hpp
[3.596s] -- Up-to-date: /home/ros2/Desktop/trabalho/ros2_ws/install/turtlesim/include/turtlesim/turtlesim/msg
[3.596s] -- Up-to-date: /home/ros2/Desktop/trabalho/ros2_ws/install/turtlesim/include/turtlesim/turtlesim/msg/detail
[3.596s] -- Up-to-date: /home/ros2/Desktop/trabalho/ros2_ws/install/turtlesim/include/turtlesim/turtlesim/msg/detail/dds_fastrtps
[3.597s] -- Up-to-date: /home/ros2/Desktop/trabalho/ros2_ws/install/turtlesim/include/turtlesim/turtlesim/msg/detail/pose__rosidl_typesupport_fastrtps_cpp.hpp
[3.597s] -- Up-to-date: /home/ros2/Desktop/trabalho/ros2_ws/install/turtlesim/include/turtlesim/turtlesim/msg/detail/color__rosidl_typesupport_fastrtps_cpp.hpp
[3.597s] -- Up-to-date: /home/ros2/Desktop/trabalho/ros2_ws/install/turtlesim/include/turtlesim/turtlesim/msg/rosidl_typesupport_fastrtps_cpp__visibility_control.h
[3.600s] -- Up-to-date: /home/ros2/Desktop/trabalho/ros2_ws/install/turtlesim/lib/libturtlesim__rosidl_typesupport_fastrtps_cpp.so
[3.600s] -- Up-to-date: /home/ros2/Desktop/trabalho/ros2_ws/install/turtlesim/include/turtlesim/turtlesim
[3.601s] -- Up-to-date: /home/ros2/Desktop/trabalho/ros2_ws/install/turtlesim/include/turtlesim/turtlesim/action
[3.601s] -- Up-to-date: /home/ros2/Desktop/trabalho/ros2_ws/install/turtlesim/include/turtlesim/turtlesim/action/detail
[3.601s] -- Up-to-date: /home/ros2/Desktop/trabalho/ros2_ws/install/turtlesim/include/turtlesim/turtlesim/action/detail/rotate_absolute__type_support.c
[3.601s] -- Up-to-date: /home/ros2/Desktop/trabalho/ros2_ws/install/turtlesim/include/turtlesim/turtlesim/action/detail/rotate_absolute__rosidl_typesupport_introspection_c.h
[3.601s] -- Up-to-date: /home/ros2/Desktop/trabalho/ros2_ws/install/turtlesim/include/turtlesim/turtlesim/srv
[3.601s] -- Up-to-date: /home/ros2/Desktop/trabalho/ros2_ws/install/turtlesim/include/turtlesim/turtlesim/srv/detail
[3.601s] -- Up-to-date: /home/ros2/Desktop/trabalho/ros2_ws/install/turtlesim/include/turtlesim/turtlesim/srv/detail/spawn__rosidl_typesupport_introspection_c.h
[3.601s] -- Up-to-date: /home/ros2/Desktop/trabalho/ros2_ws/install/turtlesim/include/turtlesim/turtlesim/srv/detail/teleport_relative__type_support.c
[3.602s] -- Up-to-date: /home/ros2/Desktop/trabalho/ros2_ws/install/turtlesim/include/turtlesim/turtlesim/srv/detail/spawn__type_support.c
[3.602s] -- Up-to-date: /home/ros2/Desktop/trabalho/ros2_ws/install/turtlesim/include/turtlesim/turtlesim/srv/detail/teleport_absolute__rosidl_typesupport_introspection_c.h
[3.602s] -- Up-to-date: /home/ros2/Desktop/trabalho/ros2_ws/install/turtlesim/include/turtlesim/turtlesim/srv/detail/teleport_absolute__type_support.c
[3.602s] -- Up-to-date: /home/ros2/Desktop/trabalho/ros2_ws/install/turtlesim/include/turtlesim/turtlesim/srv/detail/set_pen__type_support.c
[3.602s] -- Up-to-date: /home/ros2/Desktop/trabalho/ros2_ws/install/turtlesim/include/turtlesim/turtlesim/srv/detail/kill__type_support.c
[3.602s] -- Up-to-date: /home/ros2/Desktop/trabalho/ros2_ws/install/turtlesim/include/turtlesim/turtlesim/srv/detail/set_pen__rosidl_typesupport_introspection_c.h
[3.602s] -- Up-to-date: /home/ros2/Desktop/trabalho/ros2_ws/install/turtlesim/include/turtlesim/turtlesim/srv/detail/kill__rosidl_typesupport_introspection_c.h
[3.602s] -- Up-to-date: /home/ros2/Desktop/trabalho/ros2_ws/install/turtlesim/include/turtlesim/turtlesim/srv/detail/teleport_relative__rosidl_typesupport_introspection_c.h
[3.602s] -- Up-to-date: /home/ros2/Desktop/trabalho/ros2_ws/install/turtlesim/include/turtlesim/turtlesim/msg
[3.603s] -- Up-to-date: /home/ros2/Desktop/trabalho/ros2_ws/install/turtlesim/include/turtlesim/turtlesim/msg/rosidl_typesupport_introspection_c__visibility_control.h
[3.603s] -- Up-to-date: /home/ros2/Desktop/trabalho/ros2_ws/install/turtlesim/include/turtlesim/turtlesim/msg/detail
[3.603s] -- Up-to-date: /home/ros2/Desktop/trabalho/ros2_ws/install/turtlesim/include/turtlesim/turtlesim/msg/detail/pose__rosidl_typesupport_introspection_c.h
[3.603s] -- Up-to-date: /home/ros2/Desktop/trabalho/ros2_ws/install/turtlesim/include/turtlesim/turtlesim/msg/detail/color__type_support.c
[3.603s] -- Up-to-date: /home/ros2/Desktop/trabalho/ros2_ws/install/turtlesim/include/turtlesim/turtlesim/msg/detail/pose__type_support.c
[3.603s] -- Up-to-date: /home/ros2/Desktop/trabalho/ros2_ws/install/turtlesim/include/turtlesim/turtlesim/msg/detail/color__rosidl_typesupport_introspection_c.h
[3.603s] -- Up-to-date: /home/ros2/Desktop/trabalho/ros2_ws/install/turtlesim/lib/libturtlesim__rosidl_typesupport_introspection_c.so
[3.603s] -- Up-to-date: /home/ros2/Desktop/trabalho/ros2_ws/install/turtlesim/lib/libturtlesim__rosidl_typesupport_c.so
[3.603s] -- Up-to-date: /home/ros2/Desktop/trabalho/ros2_ws/install/turtlesim/include/turtlesim/turtlesim
[3.603s] -- Up-to-date: /home/ros2/Desktop/trabalho/ros2_ws/install/turtlesim/include/turtlesim/turtlesim/action
[3.604s] -- Up-to-date: /home/ros2/Desktop/trabalho/ros2_ws/install/turtlesim/include/turtlesim/turtlesim/action/detail
[3.604s] -- Up-to-date: /home/ros2/Desktop/trabalho/ros2_ws/install/turtlesim/include/turtlesim/turtlesim/action/detail/rotate_absolute__type_support.cpp
[3.604s] -- Up-to-date: /home/ros2/Desktop/trabalho/ros2_ws/install/turtlesim/include/turtlesim/turtlesim/action/detail/rotate_absolute__rosidl_typesupport_introspection_cpp.hpp
[3.604s] -- Up-to-date: /home/ros2/Desktop/trabalho/ros2_ws/install/turtlesim/include/turtlesim/turtlesim/srv
[3.604s] -- Up-to-date: /home/ros2/Desktop/trabalho/ros2_ws/install/turtlesim/include/turtlesim/turtlesim/srv/detail
[3.604s] -- Up-to-date: /home/ros2/Desktop/trabalho/ros2_ws/install/turtlesim/include/turtlesim/turtlesim/srv/detail/spawn__type_support.cpp
[3.604s] -- Up-to-date: /home/ros2/Desktop/trabalho/ros2_ws/install/turtlesim/include/turtlesim/turtlesim/srv/detail/teleport_absolute__rosidl_typesupport_introspection_cpp.hpp
[3.604s] -- Up-to-date: /home/ros2/Desktop/trabalho/ros2_ws/install/turtlesim/include/turtlesim/turtlesim/srv/detail/kill__rosidl_typesupport_introspection_cpp.hpp
[3.604s] -- Up-to-date: /home/ros2/Desktop/trabalho/ros2_ws/install/turtlesim/include/turtlesim/turtlesim/srv/detail/teleport_relative__rosidl_typesupport_introspection_cpp.hpp
[3.604s] -- Up-to-date: /home/ros2/Desktop/trabalho/ros2_ws/install/turtlesim/include/turtlesim/turtlesim/srv/detail/spawn__rosidl_typesupport_introspection_cpp.hpp
[3.604s] -- Up-to-date: /home/ros2/Desktop/trabalho/ros2_ws/install/turtlesim/include/turtlesim/turtlesim/srv/detail/set_pen__rosidl_typesupport_introspection_cpp.hpp
[3.605s] -- Up-to-date: /home/ros2/Desktop/trabalho/ros2_ws/install/turtlesim/include/turtlesim/turtlesim/srv/detail/set_pen__type_support.cpp
[3.605s] -- Up-to-date: /home/ros2/Desktop/trabalho/ros2_ws/install/turtlesim/include/turtlesim/turtlesim/srv/detail/kill__type_support.cpp
[3.605s] -- Up-to-date: /home/ros2/Desktop/trabalho/ros2_ws/install/turtlesim/include/turtlesim/turtlesim/srv/detail/teleport_relative__type_support.cpp
[3.605s] -- Up-to-date: /home/ros2/Desktop/trabalho/ros2_ws/install/turtlesim/include/turtlesim/turtlesim/srv/detail/teleport_absolute__type_support.cpp
[3.605s] -- Up-to-date: /home/ros2/Desktop/trabalho/ros2_ws/install/turtlesim/include/turtlesim/turtlesim/msg
[3.605s] -- Up-to-date: /home/ros2/Desktop/trabalho/ros2_ws/install/turtlesim/include/turtlesim/turtlesim/msg/detail
[3.605s] -- Up-to-date: /home/ros2/Desktop/trabalho/ros2_ws/install/turtlesim/include/turtlesim/turtlesim/msg/detail/pose__type_support.cpp
[3.605s] -- Up-to-date: /home/ros2/Desktop/trabalho/ros2_ws/install/turtlesim/include/turtlesim/turtlesim/msg/detail/color__type_support.cpp
[3.605s] -- Up-to-date: /home/ros2/Desktop/trabalho/ros2_ws/install/turtlesim/include/turtlesim/turtlesim/msg/detail/pose__rosidl_typesupport_introspection_cpp.hpp
[3.605s] -- Up-to-date: /home/ros2/Desktop/trabalho/ros2_ws/install/turtlesim/include/turtlesim/turtlesim/msg/detail/color__rosidl_typesupport_introspection_cpp.hpp
[3.606s] -- Up-to-date: /home/ros2/Desktop/trabalho/ros2_ws/install/turtlesim/lib/libturtlesim__rosidl_typesupport_introspection_cpp.so
[3.606s] -- Up-to-date: /home/ros2/Desktop/trabalho/ros2_ws/install/turtlesim/lib/libturtlesim__rosidl_typesupport_cpp.so
[3.606s] -- Up-to-date: /home/ros2/Desktop/trabalho/ros2_ws/install/turtlesim/share/turtlesim/environment/pythonpath.sh
[3.606s] -- Up-to-date: /home/ros2/Desktop/trabalho/ros2_ws/install/turtlesim/share/turtlesim/environment/pythonpath.dsv
[3.606s] -- Up-to-date: /home/ros2/Desktop/trabalho/ros2_ws/install/turtlesim/local/lib/python3.10/dist-packages/turtlesim-1.4.2-py3.10.egg-info
[3.606s] -- Installing: /home/ros2/Desktop/trabalho/ros2_ws/install/turtlesim/local/lib/python3.10/dist-packages/turtlesim-1.4.2-py3.10.egg-info/PKG-INFO
[3.606s] -- Installing: /home/ros2/Desktop/trabalho/ros2_ws/install/turtlesim/local/lib/python3.10/dist-packages/turtlesim-1.4.2-py3.10.egg-info/dependency_links.txt
[3.606s] -- Installing: /home/ros2/Desktop/trabalho/ros2_ws/install/turtlesim/local/lib/python3.10/dist-packages/turtlesim-1.4.2-py3.10.egg-info/top_level.txt
[3.606s] -- Installing: /home/ros2/Desktop/trabalho/ros2_ws/install/turtlesim/local/lib/python3.10/dist-packages/turtlesim-1.4.2-py3.10.egg-info/SOURCES.txt
[3.607s] -- Up-to-date: /home/ros2/Desktop/trabalho/ros2_ws/install/turtlesim/local/lib/python3.10/dist-packages/turtlesim
[3.607s] -- Up-to-date: /home/ros2/Desktop/trabalho/ros2_ws/install/turtlesim/local/lib/python3.10/dist-packages/turtlesim/_turtlesim_s.ep.rosidl_typesupport_fastrtps_c.c
[3.607s] -- Up-to-date: /home/ros2/Desktop/trabalho/ros2_ws/install/turtlesim/local/lib/python3.10/dist-packages/turtlesim/libturtlesim__rosidl_generator_py.so
[3.607s] -- Up-to-date: /home/ros2/Desktop/trabalho/ros2_ws/install/turtlesim/local/lib/python3.10/dist-packages/turtlesim/__init__.py
[3.607s] -- Up-to-date: /home/ros2/Desktop/trabalho/ros2_ws/install/turtlesim/local/lib/python3.10/dist-packages/turtlesim/_turtlesim_s.ep.rosidl_typesupport_introspection_c.c
[3.607s] -- Up-to-date: /home/ros2/Desktop/trabalho/ros2_ws/install/turtlesim/local/lib/python3.10/dist-packages/turtlesim/action
[3.607s] -- Up-to-date: /home/ros2/Desktop/trabalho/ros2_ws/install/turtlesim/local/lib/python3.10/dist-packages/turtlesim/action/__init__.py
[3.607s] -- Up-to-date: /home/ros2/Desktop/trabalho/ros2_ws/install/turtlesim/local/lib/python3.10/dist-packages/turtlesim/action/_rotate_absolute.py
[3.607s] -- Up-to-date: /home/ros2/Desktop/trabalho/ros2_ws/install/turtlesim/local/lib/python3.10/dist-packages/turtlesim/action/_rotate_absolute_s.c
[3.608s] -- Up-to-date: /home/ros2/Desktop/trabalho/ros2_ws/install/turtlesim/local/lib/python3.10/dist-packages/turtlesim/_turtlesim_s.ep.rosidl_typesupport_c.c
[3.608s] -- Up-to-date: /home/ros2/Desktop/trabalho/ros2_ws/install/turtlesim/local/lib/python3.10/dist-packages/turtlesim/srv
[3.608s] -- Up-to-date: /home/ros2/Desktop/trabalho/ros2_ws/install/turtlesim/local/lib/python3.10/dist-packages/turtlesim/srv/_teleport_absolute.py
[3.608s] -- Up-to-date: /home/ros2/Desktop/trabalho/ros2_ws/install/turtlesim/local/lib/python3.10/dist-packages/turtlesim/srv/_set_pen.py
[3.608s] -- Up-to-date: /home/ros2/Desktop/trabalho/ros2_ws/install/turtlesim/local/lib/python3.10/dist-packages/turtlesim/srv/__init__.py
[3.608s] -- Up-to-date: /home/ros2/Desktop/trabalho/ros2_ws/install/turtlesim/local/lib/python3.10/dist-packages/turtlesim/srv/_kill.py
[3.608s] -- Up-to-date: /home/ros2/Desktop/trabalho/ros2_ws/install/turtlesim/local/lib/python3.10/dist-packages/turtlesim/srv/_spawn_s.c
[3.608s] -- Up-to-date: /home/ros2/Desktop/trabalho/ros2_ws/install/turtlesim/local/lib/python3.10/dist-packages/turtlesim/srv/_teleport_relative.py
[3.608s] -- Up-to-date: /home/ros2/Desktop/trabalho/ros2_ws/install/turtlesim/local/lib/python3.10/dist-packages/turtlesim/srv/_spawn.py
[3.608s] -- Up-to-date: /home/ros2/Desktop/trabalho/ros2_ws/install/turtlesim/local/lib/python3.10/dist-packages/turtlesim/srv/_teleport_relative_s.c
[3.608s] -- Up-to-date: /home/ros2/Desktop/trabalho/ros2_ws/install/turtlesim/local/lib/python3.10/dist-packages/turtlesim/srv/_set_pen_s.c
[3.609s] -- Up-to-date: /home/ros2/Desktop/trabalho/ros2_ws/install/turtlesim/local/lib/python3.10/dist-packages/turtlesim/srv/_kill_s.c
[3.609s] -- Up-to-date: /home/ros2/Desktop/trabalho/ros2_ws/install/turtlesim/local/lib/python3.10/dist-packages/turtlesim/srv/_teleport_absolute_s.c
[3.609s] -- Up-to-date: /home/ros2/Desktop/trabalho/ros2_ws/install/turtlesim/local/lib/python3.10/dist-packages/turtlesim/turtlesim_s__rosidl_typesupport_c.cpython-310-x86_64-linux-gnu.so
[3.609s] -- Up-to-date: /home/ros2/Desktop/trabalho/ros2_ws/install/turtlesim/local/lib/python3.10/dist-packages/turtlesim/msg
[3.609s] -- Up-to-date: /home/ros2/Desktop/trabalho/ros2_ws/install/turtlesim/local/lib/python3.10/dist-packages/turtlesim/msg/_pose_s.c
[3.609s] -- Up-to-date: /home/ros2/Desktop/trabalho/ros2_ws/install/turtlesim/local/lib/python3.10/dist-packages/turtlesim/msg/__init__.py
[3.609s] -- Up-to-date: /home/ros2/Desktop/trabalho/ros2_ws/install/turtlesim/local/lib/python3.10/dist-packages/turtlesim/msg/_pose.py
[3.609s] -- Up-to-date: /home/ros2/Desktop/trabalho/ros2_ws/install/turtlesim/local/lib/python3.10/dist-packages/turtlesim/msg/_color.py
[3.610s] -- Up-to-date: /home/ros2/Desktop/trabalho/ros2_ws/install/turtlesim/local/lib/python3.10/dist-packages/turtlesim/msg/_color_s.c
[3.610s] -- Up-to-date: /home/ros2/Desktop/trabalho/ros2_ws/install/turtlesim/local/lib/python3.10/dist-packages/turtlesim/turtlesim_s__rosidl_typesupport_fastrtps_c.cpython-310-x86_64-linux-gnu.so
[3.610s] -- Up-to-date: /home/ros2/Desktop/trabalho/ros2_ws/install/turtlesim/local/lib/python3.10/dist-packages/turtlesim/turtlesim_s__rosidl_typesupport_introspection_c.cpython-310-x86_64-linux-gnu.so
[3.668s] Listing '/home/ros2/Desktop/trabalho/ros2_ws/install/turtlesim/local/lib/python3.10/dist-packages/turtlesim'...
[3.669s] Listing '/home/ros2/Desktop/trabalho/ros2_ws/install/turtlesim/local/lib/python3.10/dist-packages/turtlesim/action'...
[3.670s] Listing '/home/ros2/Desktop/trabalho/ros2_ws/install/turtlesim/local/lib/python3.10/dist-packages/turtlesim/msg'...
[3.670s] Listing '/home/ros2/Desktop/trabalho/ros2_ws/install/turtlesim/local/lib/python3.10/dist-packages/turtlesim/srv'...
[3.694s] -- Up-to-date: /home/ros2/Desktop/trabalho/ros2_ws/install/turtlesim/local/lib/python3.10/dist-packages/turtlesim/turtlesim_s__rosidl_typesupport_fastrtps_c.cpython-310-x86_64-linux-gnu.so
[3.694s] -- Up-to-date: /home/ros2/Desktop/trabalho/ros2_ws/install/turtlesim/local/lib/python3.10/dist-packages/turtlesim/turtlesim_s__rosidl_typesupport_introspection_c.cpython-310-x86_64-linux-gnu.so
[3.694s] -- Up-to-date: /home/ros2/Desktop/trabalho/ros2_ws/install/turtlesim/local/lib/python3.10/dist-packages/turtlesim/turtlesim_s__rosidl_typesupport_c.cpython-310-x86_64-linux-gnu.so
[3.694s] -- Up-to-date: /home/ros2/Desktop/trabalho/ros2_ws/install/turtlesim/lib/libturtlesim__rosidl_generator_py.so
[3.695s] -- Up-to-date: /home/ros2/Desktop/trabalho/ros2_ws/install/turtlesim/share/turtlesim/action/RotateAbsolute.idl
[3.695s] -- Up-to-date: /home/ros2/Desktop/trabalho/ros2_ws/install/turtlesim/share/turtlesim/msg/Color.idl
[3.695s] -- Up-to-date: /home/ros2/Desktop/trabalho/ros2_ws/install/turtlesim/share/turtlesim/msg/Pose.idl
[3.695s] -- Up-to-date: /home/ros2/Desktop/trabalho/ros2_ws/install/turtlesim/share/turtlesim/srv/Kill.idl
[3.695s] -- Up-to-date: /home/ros2/Desktop/trabalho/ros2_ws/install/turtlesim/share/turtlesim/srv/SetPen.idl
[3.695s] -- Up-to-date: /home/ros2/Desktop/trabalho/ros2_ws/install/turtlesim/share/turtlesim/srv/Spawn.idl
[3.695s] -- Up-to-date: /home/ros2/Desktop/trabalho/ros2_ws/install/turtlesim/share/turtlesim/srv/TeleportAbsolute.idl
[3.695s] -- Up-to-date: /home/ros2/Desktop/trabalho/ros2_ws/install/turtlesim/share/turtlesim/srv/TeleportRelative.idl
[3.695s] -- Up-to-date: /home/ros2/Desktop/trabalho/ros2_ws/install/turtlesim/share/turtlesim/action/RotateAbsolute.action
[3.696s] -- Up-to-date: /home/ros2/Desktop/trabalho/ros2_ws/install/turtlesim/share/turtlesim/msg/Color.msg
[3.696s] -- Up-to-date: /home/ros2/Desktop/trabalho/ros2_ws/install/turtlesim/share/turtlesim/msg/Pose.msg
[3.696s] -- Up-to-date: /home/ros2/Desktop/trabalho/ros2_ws/install/turtlesim/share/turtlesim/srv/Kill.srv
[3.696s] -- Up-to-date: /home/ros2/Desktop/trabalho/ros2_ws/install/turtlesim/share/turtlesim/srv/Kill_Request.msg
[3.696s] -- Up-to-date: /home/ros2/Desktop/trabalho/ros2_ws/install/turtlesim/share/turtlesim/srv/Kill_Response.msg
[3.696s] -- Up-to-date: /home/ros2/Desktop/trabalho/ros2_ws/install/turtlesim/share/turtlesim/srv/SetPen.srv
[3.696s] -- Up-to-date: /home/ros2/Desktop/trabalho/ros2_ws/install/turtlesim/share/turtlesim/srv/SetPen_Request.msg
[3.696s] -- Up-to-date: /home/ros2/Desktop/trabalho/ros2_ws/install/turtlesim/share/turtlesim/srv/SetPen_Response.msg
[3.697s] -- Up-to-date: /home/ros2/Desktop/trabalho/ros2_ws/install/turtlesim/share/turtlesim/srv/Spawn.srv
[3.697s] -- Up-to-date: /home/ros2/Desktop/trabalho/ros2_ws/install/turtlesim/share/turtlesim/srv/Spawn_Request.msg
[3.697s] -- Up-to-date: /home/ros2/Desktop/trabalho/ros2_ws/install/turtlesim/share/turtlesim/srv/Spawn_Response.msg
[3.697s] -- Up-to-date: /home/ros2/Desktop/trabalho/ros2_ws/install/turtlesim/share/turtlesim/srv/TeleportAbsolute.srv
[3.697s] -- Up-to-date: /home/ros2/Desktop/trabalho/ros2_ws/install/turtlesim/share/turtlesim/srv/TeleportAbsolute_Request.msg
[3.697s] -- Up-to-date: /home/ros2/Desktop/trabalho/ros2_ws/install/turtlesim/share/turtlesim/srv/TeleportAbsolute_Response.msg
[3.697s] -- Up-to-date: /home/ros2/Desktop/trabalho/ros2_ws/install/turtlesim/share/turtlesim/srv/TeleportRelative.srv
[3.697s] -- Up-to-date: /home/ros2/Desktop/trabalho/ros2_ws/install/turtlesim/share/turtlesim/srv/TeleportRelative_Request.msg
[3.697s] -- Up-to-date: /home/ros2/Desktop/trabalho/ros2_ws/install/turtlesim/share/turtlesim/srv/TeleportRelative_Response.msg
[3.698s] -- Up-to-date: /home/ros2/Desktop/trabalho/ros2_ws/install/turtlesim/lib/turtlesim/turtlesim_node
[3.698s] -- Up-to-date: /home/ros2/Desktop/trabalho/ros2_ws/install/turtlesim/lib/turtlesim/turtle_teleop_key
[3.698s] -- Up-to-date: /home/ros2/Desktop/trabalho/ros2_ws/install/turtlesim/lib/turtlesim/draw_square
[3.698s] -- Up-to-date: /home/ros2/Desktop/trabalho/ros2_ws/install/turtlesim/lib/turtlesim/mimic
[3.698s] -- Up-to-date: /home/ros2/Desktop/trabalho/ros2_ws/install/turtlesim/share/turtlesim/images
[3.698s] -- Up-to-date: /home/ros2/Desktop/trabalho/ros2_ws/install/turtlesim/share/turtlesim/images/foxy.png
[3.698s] -- Up-to-date: /home/ros2/Desktop/trabalho/ros2_ws/install/turtlesim/share/turtlesim/images/bouncy.png
[3.698s] -- Up-to-date: /home/ros2/Desktop/trabalho/ros2_ws/install/turtlesim/share/turtlesim/images/rolling.png
[3.698s] -- Up-to-date: /home/ros2/Desktop/trabalho/ros2_ws/install/turtlesim/share/turtlesim/images/eloquent.png
[3.698s] -- Up-to-date: /home/ros2/Desktop/trabalho/ros2_ws/install/turtlesim/share/turtlesim/images/galactic.png
[3.698s] -- Up-to-date: /home/ros2/Desktop/trabalho/ros2_ws/install/turtlesim/share/turtlesim/images/ardent.png
[3.699s] -- Up-to-date: /home/ros2/Desktop/trabalho/ros2_ws/install/turtlesim/share/turtlesim/images/dashing.png
[3.699s] -- Up-to-date: /home/ros2/Desktop/trabalho/ros2_ws/install/turtlesim/share/turtlesim/images/humble.png
[3.699s] -- Up-to-date: /home/ros2/Desktop/trabalho/ros2_ws/install/turtlesim/share/turtlesim/images/crystal.png
[3.699s] -- Up-to-date: /home/ros2/Desktop/trabalho/ros2_ws/install/turtlesim/share/turtlesim/launch
[3.699s] -- Up-to-date: /home/ros2/Desktop/trabalho/ros2_ws/install/turtlesim/share/turtlesim/launch/multisim.launch.py
[3.699s] -- Up-to-date: /home/ros2/Desktop/trabalho/ros2_ws/install/turtlesim/share/ament_index/resource_index/package_run_dependencies/turtlesim
[3.699s] -- Up-to-date: /home/ros2/Desktop/trabalho/ros2_ws/install/turtlesim/share/ament_index/resource_index/parent_prefix_path/turtlesim
[3.700s] -- Up-to-date: /home/ros2/Desktop/trabalho/ros2_ws/install/turtlesim/share/turtlesim/environment/ament_prefix_path.sh
[3.700s] -- Up-to-date: /home/ros2/Desktop/trabalho/ros2_ws/install/turtlesim/share/turtlesim/environment/ament_prefix_path.dsv
[3.700s] -- Up-to-date: /home/ros2/Desktop/trabalho/ros2_ws/install/turtlesim/share/turtlesim/environment/path.sh
[3.700s] -- Up-to-date: /home/ros2/Desktop/trabalho/ros2_ws/install/turtlesim/share/turtlesim/environment/path.dsv
[3.700s] -- Up-to-date: /home/ros2/Desktop/trabalho/ros2_ws/install/turtlesim/share/turtlesim/local_setup.bash
[3.700s] -- Up-to-date: /home/ros2/Desktop/trabalho/ros2_ws/install/turtlesim/share/turtlesim/local_setup.sh
[3.700s] -- Up-to-date: /home/ros2/Desktop/trabalho/ros2_ws/install/turtlesim/share/turtlesim/local_setup.zsh
[3.700s] -- Up-to-date: /home/ros2/Desktop/trabalho/ros2_ws/install/turtlesim/share/turtlesim/local_setup.dsv
[3.700s] -- Installing: /home/ros2/Desktop/trabalho/ros2_ws/install/turtlesim/share/turtlesim/package.dsv
[3.700s] -- Up-to-date: /home/ros2/Desktop/trabalho/ros2_ws/install/turtlesim/share/ament_index/resource_index/packages/turtlesim
[3.701s] -- Up-to-date: /home/ros2/Desktop/trabalho/ros2_ws/install/turtlesim/share/turtlesim/cmake/export_turtlesim__rosidl_generator_cExport.cmake
[3.701s] -- Up-to-date: /home/ros2/Desktop/trabalho/ros2_ws/install/turtlesim/share/turtlesim/cmake/export_turtlesim__rosidl_generator_cExport-noconfig.cmake
[3.701s] -- Up-to-date: /home/ros2/Desktop/trabalho/ros2_ws/install/turtlesim/share/turtlesim/cmake/export_turtlesim__rosidl_typesupport_fastrtps_cExport.cmake
[3.722s] -- Up-to-date: /home/ros2/Desktop/trabalho/ros2_ws/install/turtlesim/share/turtlesim/cmake/export_turtlesim__rosidl_typesupport_fastrtps_cExport-noconfig.cmake
[3.722s] -- Up-to-date: /home/ros2/Desktop/trabalho/ros2_ws/install/turtlesim/share/turtlesim/cmake/export_turtlesim__rosidl_generator_cppExport.cmake
[3.723s] -- Up-to-date: /home/ros2/Desktop/trabalho/ros2_ws/install/turtlesim/share/turtlesim/cmake/export_turtlesim__rosidl_typesupport_fastrtps_cppExport.cmake
[3.725s] -- Up-to-date: /home/ros2/Desktop/trabalho/ros2_ws/install/turtlesim/share/turtlesim/cmake/export_turtlesim__rosidl_typesupport_fastrtps_cppExport-noconfig.cmake
[3.725s] -- Up-to-date: /home/ros2/Desktop/trabalho/ros2_ws/install/turtlesim/share/turtlesim/cmake/turtlesim__rosidl_typesupport_introspection_cExport.cmake
[3.725s] -- Up-to-date: /home/ros2/Desktop/trabalho/ros2_ws/install/turtlesim/share/turtlesim/cmake/turtlesim__rosidl_typesupport_introspection_cExport-noconfig.cmake
[3.725s] -- Up-to-date: /home/ros2/Desktop/trabalho/ros2_ws/install/turtlesim/share/turtlesim/cmake/turtlesim__rosidl_typesupport_cExport.cmake
[3.726s] -- Up-to-date: /home/ros2/Desktop/trabalho/ros2_ws/install/turtlesim/share/turtlesim/cmake/turtlesim__rosidl_typesupport_cExport-noconfig.cmake
[3.726s] -- Up-to-date: /home/ros2/Desktop/trabalho/ros2_ws/install/turtlesim/share/turtlesim/cmake/turtlesim__rosidl_typesupport_introspection_cppExport.cmake
[3.727s] -- Up-to-date: /home/ros2/Desktop/trabalho/ros2_ws/install/turtlesim/share/turtlesim/cmake/turtlesim__rosidl_typesupport_introspection_cppExport-noconfig.cmake
[3.727s] -- Up-to-date: /home/ros2/Desktop/trabalho/ros2_ws/install/turtlesim/share/turtlesim/cmake/turtlesim__rosidl_typesupport_cppExport.cmake
[3.727s] -- Up-to-date: /home/ros2/Desktop/trabalho/ros2_ws/install/turtlesim/share/turtlesim/cmake/turtlesim__rosidl_typesupport_cppExport-noconfig.cmake
[3.727s] -- Up-to-date: /home/ros2/Desktop/trabalho/ros2_ws/install/turtlesim/share/turtlesim/cmake/export_turtlesim__rosidl_generator_pyExport.cmake
[3.727s] -- Up-to-date: /home/ros2/Desktop/trabalho/ros2_ws/install/turtlesim/share/turtlesim/cmake/export_turtlesim__rosidl_generator_pyExport-noconfig.cmake
[3.727s] -- Up-to-date: /home/ros2/Desktop/trabalho/ros2_ws/install/turtlesim/share/turtlesim/cmake/rosidl_cmake-extras.cmake
[3.727s] -- Up-to-date: /home/ros2/Desktop/trabalho/ros2_ws/install/turtlesim/share/turtlesim/cmake/ament_cmake_export_dependencies-extras.cmake
[3.728s] -- Up-to-date: /home/ros2/Desktop/trabalho/ros2_ws/install/turtlesim/share/turtlesim/cmake/ament_cmake_export_include_directories-extras.cmake
[3.728s] -- Up-to-date: /home/ros2/Desktop/trabalho/ros2_ws/install/turtlesim/share/turtlesim/cmake/ament_cmake_export_libraries-extras.cmake
[3.728s] -- Up-to-date: /home/ros2/Desktop/trabalho/ros2_ws/install/turtlesim/share/turtlesim/cmake/ament_cmake_export_targets-extras.cmake
[3.728s] -- Up-to-date: /home/ros2/Desktop/trabalho/ros2_ws/install/turtlesim/share/turtlesim/cmake/rosidl_cmake_export_typesupport_targets-extras.cmake
[3.729s] -- Up-to-date: /home/ros2/Desktop/trabalho/ros2_ws/install/turtlesim/share/turtlesim/cmake/rosidl_cmake_export_typesupport_libraries-extras.cmake
[3.729s] -- Up-to-date: /home/ros2/Desktop/trabalho/ros2_ws/install/turtlesim/share/turtlesim/cmake/turtlesimConfig.cmake
[3.729s] -- Up-to-date: /home/ros2/Desktop/trabalho/ros2_ws/install/turtlesim/share/turtlesim/cmake/turtlesimConfig-version.cmake
[3.730s] -- Up-to-date: /home/ros2/Desktop/trabalho/ros2_ws/install/turtlesim/share/turtlesim/package.xml
[3.730s] Invoked command in '/home/ros2/Desktop/trabalho/ros2_ws/build/turtlesim' returned '0': CMAKE_PREFIX_PATH=${CMAKE_PREFIX_PATH}:/home/ros2/ros2_ws/install/teleopkeys_publisher:/home/ros2/ros2_ws/install/serp_teleop:/home/ros2/ros2_ws/install/serp_rl:/opt/ros/humble /home/ros2/.local/bin/cmake --install /home/ros2/Desktop/trabalho/ros2_ws/build/turtlesim
