/home/ros2/ros2_ws/src/ros2_flatland_rl_tutorial/src/install/serp_rl/lib/python3.10/site-packages/serp_rl/__init__.py
/home/ros2/ros2_ws/src/ros2_flatland_rl_tutorial/src/install/serp_rl/lib/python3.10/site-packages/serp_rl/__pycache__/__init__.cpython-310.pyc
/home/ros2/ros2_ws/src/ros2_flatland_rl_tutorial/src/install/serp_rl/share/serp_rl/package.xml
/home/ros2/ros2_ws/src/ros2_flatland_rl_tutorial/src/install/serp_rl/share/serp_rl/launch/serp_rl.launch.py
/home/ros2/ros2_ws/src/ros2_flatland_rl_tutorial/src/install/serp_rl/share/serp_rl/rviz/robot_navigation.rviz
/home/ros2/ros2_ws/src/ros2_flatland_rl_tutorial/src/install/serp_rl/share/serp_rl/world/serp_sonar.model.yaml
/home/ros2/ros2_ws/src/ros2_flatland_rl_tutorial/src/install/serp_rl/share/serp_rl/world/complex_turn.yaml
/home/ros2/ros2_ws/src/ros2_flatland_rl_tutorial/src/install/serp_rl/share/serp_rl/world/turn.png
/home/ros2/ros2_ws/src/ros2_flatland_rl_tutorial/src/install/serp_rl/share/serp_rl/world/turn.yaml
/home/ros2/ros2_ws/src/ros2_flatland_rl_tutorial/src/install/serp_rl/share/serp_rl/world/empty.yaml
/home/ros2/ros2_ws/src/ros2_flatland_rl_tutorial/src/install/serp_rl/share/serp_rl/world/complex_turn.png
/home/ros2/ros2_ws/src/ros2_flatland_rl_tutorial/src/install/serp_rl/share/serp_rl/world/end_beacon.model.yaml
/home/ros2/ros2_ws/src/ros2_flatland_rl_tutorial/src/install/serp_rl/share/serp_rl/world/empty.png
/home/ros2/ros2_ws/src/ros2_flatland_rl_tutorial/src/install/serp_rl/share/serp_rl/world/world2.yaml
/home/ros2/ros2_ws/src/ros2_flatland_rl_tutorial/src/install/serp_rl/share/serp_rl/world/movable_object.model.yaml
/home/ros2/ros2_ws/src/ros2_flatland_rl_tutorial/src/install/serp_rl/share/serp_rl/world/serp.model.yaml
/home/ros2/ros2_ws/src/ros2_flatland_rl_tutorial/src/install/serp_rl/share/serp_rl/world/world.yaml
/home/ros2/ros2_ws/src/ros2_flatland_rl_tutorial/src/install/serp_rl/share/ament_index/resource_index/packages/serp_rl
/home/ros2/ros2_ws/src/ros2_flatland_rl_tutorial/src/install/serp_rl/lib/python3.10/site-packages/serp_rl-0.0.0-py3.10.egg-info/PKG-INFO
/home/ros2/ros2_ws/src/ros2_flatland_rl_tutorial/src/install/serp_rl/lib/python3.10/site-packages/serp_rl-0.0.0-py3.10.egg-info/dependency_links.txt
/home/ros2/ros2_ws/src/ros2_flatland_rl_tutorial/src/install/serp_rl/lib/python3.10/site-packages/serp_rl-0.0.0-py3.10.egg-info/requires.txt
/home/ros2/ros2_ws/src/ros2_flatland_rl_tutorial/src/install/serp_rl/lib/python3.10/site-packages/serp_rl-0.0.0-py3.10.egg-info/zip-safe
/home/ros2/ros2_ws/src/ros2_flatland_rl_tutorial/src/install/serp_rl/lib/python3.10/site-packages/serp_rl-0.0.0-py3.10.egg-info/top_level.txt
/home/ros2/ros2_ws/src/ros2_flatland_rl_tutorial/src/install/serp_rl/lib/python3.10/site-packages/serp_rl-0.0.0-py3.10.egg-info/entry_points.txt
/home/ros2/ros2_ws/src/ros2_flatland_rl_tutorial/src/install/serp_rl/lib/python3.10/site-packages/serp_rl-0.0.0-py3.10.egg-info/SOURCES.txt
/home/ros2/ros2_ws/src/ros2_flatland_rl_tutorial/src/install/serp_rl/lib/serp_rl/serp_rl
